<?xml version="1.0" encoding="UTF-8"?>
<!-- Generated by org.testng.reporters.JUnitReportReporter -->
<testsuite hostname="C11-OJF6VA3NN8S" failures="0" tests="1" name="com.qa.testcases.HomePageTest" time="19.842" errors="0" timestamp="2024-09-13T01:12:24 EDT" skipped="0">
  <testcase classname="com.qa.testcases.HomePageTest" name="clickHomeIcon" time="19.842"/>
</testsuite> <!-- com.qa.testcases.HomePageTest -->
