<?xml version="1.0" encoding="UTF-8"?>
<!-- Generated by org.testng.reporters.JUnitReportReporter -->
<testsuite hostname="C11-OJF6VA3NN8S" failures="0" tests="2" name="com.qa.testcases.LoginPageTest" time="42.707" errors="0" timestamp="2024-09-13T01:12:24 EDT" skipped="0">
  <testcase classname="com.qa.testcases.LoginPageTest" name="loginTitleTest" time="13.308"/>
  <testcase classname="com.qa.testcases.LoginPageTest" name="loginTest" time="29.399"/>
</testsuite> <!-- com.qa.testcases.LoginPageTest -->
